<?xml version="1.0" encoding="UTF-8"?>
<!-- Generated by org.testng.reporters.JUnitReportReporter -->
<testsuite hostname="DESKTOP-BAVM4N2" name="TestClasses.TestClass1" tests="1" failures="0" timestamp="11 Jun 2021 06:48:50 GMT" time="7.320" errors="0">
  <testcase name="testNoBroker" time="7.320" classname="TestClasses.TestClass1"/>
</testsuite> <!-- TestClasses.TestClass1 -->
